Copyright 1986-2019 Xilinx, Inc. All Rights Reserved.
------------------------------------------------------------------------------------------------------------------------------------------
| Tool Version : Vivado v.2019.2 (win64) Build 2708876 Wed Nov  6 21:40:23 MST 2019
| Date         : Mon May  4 22:30:54 2020
| Host         : DESKTOP-KTM56VH running 64-bit major release  (build 9200)
| Command      : report_drc -file display_demo_dvi_drc_routed.rpt -pb display_demo_dvi_drc_routed.pb -rpx display_demo_dvi_drc_routed.rpx
| Design       : display_demo_dvi
| Device       : xc7s15ftgb196-1
| Speed File   : -1
| Design State : Fully Routed
------------------------------------------------------------------------------------------------------------------------------------------

Report DRC

Table of Contents
-----------------
1. REPORT SUMMARY
2. REPORT DETAILS

1. REPORT SUMMARY
-----------------
            Netlist: netlist
          Floorplan: design_1
      Design limits: <entire design considered>
           Ruledeck: default
             Max violations: <unlimited>
             Violations found: 4
+----------+----------+-----------------------------------------------------+------------+
| Rule     | Severity | Description                                         | Violations |
+----------+----------+-----------------------------------------------------+------------+
| CFGBVS-1 | Warning  | Missing CFGBVS and CONFIG_VOLTAGE Design Properties | 1          |
| DPIP-1   | Warning  | Input pipelining                                    | 2          |
| RPBF-3   | Warning  | IO port buffering is incomplete                     | 1          |
+----------+----------+-----------------------------------------------------+------------+

2. REPORT DETAILS
-----------------
CFGBVS-1#1 Warning
Missing CFGBVS and CONFIG_VOLTAGE Design Properties  
Neither the CFGBVS nor CONFIG_VOLTAGE voltage property is set in the current_design.  Configuration bank voltage select (CFGBVS) must be set to VCCO or GND, and CONFIG_VOLTAGE must be set to the correct configuration voltage, in order to determine the I/O voltage support for the pins in bank 0.  It is suggested to specify these either using the 'Edit Device Properties' function in the GUI or directly in the XDC file using the following syntax:

 set_property CFGBVS value1 [current_design]
 #where value1 is either VCCO or GND

 set_property CONFIG_VOLTAGE value2 [current_design]
 #where value2 is the voltage provided to configuration bank 0

Refer to the device configuration user guide for more information.
Related violations: <none>

DPIP-1#1 Warning
Input pipelining  
DSP gfx_compositor_inst/bg_compositor_1/reg_addr2 input gfx_compositor_inst/bg_compositor_1/reg_addr2/A[29:0] is not pipelined. Pipelining DSP48 input will improve performance.
Related violations: <none>

DPIP-1#2 Warning
Input pipelining  
DSP gfx_compositor_inst/bg_compositor_1/reg_addr2 input gfx_compositor_inst/bg_compositor_1/reg_addr2/C[47:0] is not pipelined. Pipelining DSP48 input will improve performance.
Related violations: <none>

RPBF-3#1 Warning
IO port buffering is incomplete  
Device port hdmi_tx_rscl expects both input and output buffering but the buffers are incomplete.
Related violations: <none>


